<?xml version="1.0" encoding="UTF-8"?>
<testsuite name="ru.netology.PostmanEcho.PostmanEchoTest" tests="1" skipped="0" failures="0" errors="0" timestamp="2022-07-18T12:27:27" hostname="DESKTOP-JVE3JB0" time="3.643">
  <properties/>
  <testcase name="shouldReturn()" classname="ru.netology.PostmanEcho.PostmanEchoTest" time="3.643"/>
  <system-out><![CDATA[]]></system-out>
  <system-err><![CDATA[]]></system-err>
</testsuite>
